<?xml version="1.0" encoding="UTF-8"?>
<!-- Generated by org.testng.reporters.JUnitXMLReporter -->
<testsuite hostname="Avin" name="Command line test e36b24f6-1de2-4c02-831e-8edff31e9534" tests="3" failures="0" timestamp="7 Apr 2016 21:48:41 GMT" time="79.477" errors="0">
  <testcase name="test" time="27.315" classname="com.hp.test.framework.runner.Runallthetests"/>
  <testcase name="test" time="11.592" classname="com.hp.test.framework.runner.Runallthetests"/>
  <testcase name="test" time="40.54" classname="com.hp.test.framework.runner.Runallthetests"/>
</testsuite> <!-- Command line test e36b24f6-1de2-4c02-831e-8edff31e9534 -->
