<?xml version="1.0" encoding="UTF-8"?>
<!-- Generated by org.testng.reporters.JUnitXMLReporter -->
<testsuite hostname="Avin" name="Command line test ca346cd7-146e-4a2e-ade7-8266b24dec8d" tests="3" failures="0" timestamp="7 Apr 2016 21:47:21 GMT" time="76.591" errors="0">
  <testcase name="test" time="32.002" classname="com.hp.test.framework.runner.Runallthetests"/>
  <testcase name="test" time="16.837" classname="com.hp.test.framework.runner.Runallthetests"/>
  <testcase name="test" time="27.692" classname="com.hp.test.framework.runner.Runallthetests"/>
</testsuite> <!-- Command line test ca346cd7-146e-4a2e-ade7-8266b24dec8d -->
