<?xml version="1.0" encoding="UTF-8"?>
<!-- Generated by org.testng.reporters.JUnitXMLReporter -->
<testsuite hostname="Avin" name="Command line test e348edce-27ab-4aab-aba3-b1fa9b114107" tests="3" failures="1" timestamp="11 Jul 2016 07:48:03 GMT" time="36.933" errors="0">
  <testcase name="test" time="24.367" classname="com.hp.test.framework.runner.Runallthetests"/>
  <testcase name="test" time="11.271" classname="com.hp.test.framework.runner.Runallthetests"/>
  <testcase name="test" time="0.89" classname="com.hp.test.framework.runner.Runallthetests">
    <failure type="org.apache.commons.jelly.JellyTagException" message="null:17:105: &amp;lt;sel:verifytext&amp;gt; Verifying whether the Text :&amp;quot;RevWoConcrn_Automation&amp;quot;is present? but Actual text is&amp;quot;No data available in table&amp;quot;">
      <![CDATA[org.apache.commons.jelly.JellyTagException: null:17:105: <sel:verifytext> Verifying whether the Text :"RevWoConcrn_Automation"is present? but Actual text is"No data available in table"
	at org.apache.commons.jelly.impl.TagScript.handleException(TagScript.java:690)
	at org.apache.commons.jelly.impl.TagScript.run(TagScript.java:267)
	at org.apache.commons.jelly.impl.ScriptBlock.run(ScriptBlock.java:95)
	at org.apache.commons.jelly.TagSupport.invokeBody(TagSupport.java:186)
	at org.apache.commons.jelly.tags.core.JellyTag.doTag(JellyTag.java:45)
	at org.apache.commons.jelly.impl.TagScript.run(TagScript.java:247)
	at org.apache.commons.jelly.JellyContext.runScript(JellyContext.java:704)
	at org.apache.commons.jelly.JellyContext.runScript(JellyContext.java:600)
	at com.hp.test.framework.runner.Runallthetests.test(Unknown Source)
	at com.hp.test.framework.runner.TestngSuite.runTestNGTest(Unknown Source)
	at com.hp.test.framework.runner.TestngSuite.main(Unknown Source)
	at org.apache.tools.ant.taskdefs.ExecuteJava.run(ExecuteJava.java:217)
	at org.apache.tools.ant.taskdefs.ExecuteJava.execute(ExecuteJava.java:152)
	at org.apache.tools.ant.taskdefs.Java.run(Java.java:771)
	at org.apache.tools.ant.taskdefs.Java.executeJava(Java.java:221)
	at org.apache.tools.ant.taskdefs.Java.executeJava(Java.java:135)
	at org.apache.tools.ant.taskdefs.Java.execute(Java.java:108)
	at org.apache.tools.ant.UnknownElement.execute(UnknownElement.java:292)
	at org.apache.tools.ant.dispatch.DispatchUtils.execute(DispatchUtils.java:106)
	at org.apache.tools.ant.Task.perform(Task.java:348)
	at org.apache.tools.ant.Target.execute(Target.java:435)
	at org.apache.tools.ant.Target.performTasks(Target.java:456)
	at org.apache.tools.ant.Project.executeSortedTargets(Project.java:1393)
	at org.apache.tools.ant.Project.executeTarget(Project.java:1364)
	at org.apache.tools.ant.helper.DefaultExecutor.executeTargets(DefaultExecutor.java:41)
	at org.apache.tools.ant.Project.executeTargets(Project.java:1248)
	at org.apache.tools.ant.Main.runBuild(Main.java:851)
	at org.apache.tools.ant.Main.startAnt(Main.java:235)
	at org.apache.tools.ant.launch.Launcher.run(Launcher.java:280)
	at org.apache.tools.ant.launch.Launcher.main(Launcher.java:109)
Caused by: java.lang.AssertionError: Verifying whether the Text :"RevWoConcrn_Automation"is present? but Actual text is"No data available in table"
	at com.hp.test.framework.jelly.VerifyTextTag.doTag(Unknown Source)
	at org.apache.commons.jelly.impl.TagScript.run(TagScript.java:247)
	... 57 more
Root cause
java.lang.AssertionError: Verifying whether the Text :"RevWoConcrn_Automation"is present? but Actual text is"No data available in table"
	at com.hp.test.framework.jelly.VerifyTextTag.doTag(Unknown Source)
	at org.apache.commons.jelly.impl.TagScript.run(TagScript.java:247)
	at org.apache.commons.jelly.impl.ScriptBlock.run(ScriptBlock.java:95)
	at org.apache.commons.jelly.TagSupport.invokeBody(TagSupport.java:186)
	at org.apache.commons.jelly.tags.core.JellyTag.doTag(JellyTag.java:45)
	at org.apache.commons.jelly.impl.TagScript.run(TagScript.java:247)
	at org.apache.commons.jelly.JellyContext.runScript(JellyContext.java:704)
	at org.apache.commons.jelly.JellyContext.runScript(JellyContext.java:600)
	at com.hp.test.framework.runner.Runallthetests.test(Unknown Source)
	at com.hp.test.framework.runner.TestngSuite.runTestNGTest(Unknown Source)
	at com.hp.test.framework.runner.TestngSuite.main(Unknown Source)
	at org.apache.tools.ant.taskdefs.ExecuteJava.run(ExecuteJava.java:217)
	at org.apache.tools.ant.taskdefs.ExecuteJava.execute(ExecuteJava.java:152)
	at org.apache.tools.ant.taskdefs.Java.run(Java.java:771)
	at org.apache.tools.ant.taskdefs.Java.executeJava(Java.java:221)
	at org.apache.tools.ant.taskdefs.Java.executeJava(Java.java:135)
	at org.apache.tools.ant.taskdefs.Java.execute(Java.java:108)
	at org.apache.tools.ant.UnknownElement.execute(UnknownElement.java:292)
	at org.apache.tools.ant.dispatch.DispatchUtils.execute(DispatchUtils.java:106)
	at org.apache.tools.ant.Task.perform(Task.java:348)
	at org.apache.tools.ant.Target.execute(Target.java:435)
	at org.apache.tools.ant.Target.performTasks(Target.java:456)
	at org.apache.tools.ant.Project.executeSortedTargets(Project.java:1393)
	at org.apache.tools.ant.Project.executeTarget(Project.java:1364)
	at org.apache.tools.ant.helper.DefaultExecutor.executeTargets(DefaultExecutor.java:41)
	at org.apache.tools.ant.Project.executeTargets(Project.java:1248)
	at org.apache.tools.ant.Main.runBuild(Main.java:851)
	at org.apache.tools.ant.Main.startAnt(Main.java:235)
	at org.apache.tools.ant.launch.Launcher.run(Launcher.java:280)
	at org.apache.tools.ant.launch.Launcher.main(Launcher.java:109)
... Removed 60 stack frames]]>
    </failure>
  </testcase> <!-- test -->
</testsuite> <!-- Command line test e348edce-27ab-4aab-aba3-b1fa9b114107 -->
