<?xml version="1.0" encoding="UTF-8"?>
<!-- Generated by org.testng.reporters.JUnitXMLReporter -->
<testsuite hostname="Avin" name="Command line test 601d9144-484b-41bf-8fbd-9c170d3181e9" tests="2" failures="0" timestamp="11 Jul 2016 07:52:30 GMT" time="41.115" errors="0">
  <testcase name="test" time="30.188" classname="com.hp.test.framework.runner.Runallthetests"/>
  <testcase name="test" time="10.873" classname="com.hp.test.framework.runner.Runallthetests"/>
</testsuite> <!-- Command line test 601d9144-484b-41bf-8fbd-9c170d3181e9 -->
