<?xml version="1.0" encoding="UTF-8"?>
<testng-results skipped="0" failed="0" total="1" passed="1">
  <reporter-output>
    <line>
      <![CDATA[STEP1]]>
    </line>
    <line>
      <![CDATA[STEP2]]>
    </line>
  </reporter-output>
  <suite name="Test" duration-ms="114521" started-at="2016-07-20T09:15:22Z" finished-at="2016-07-20T09:17:16Z">
    <groups>
    </groups>
    <test name="Command line test a8b89c8b-5225-496b-b6eb-e535e8c8ebb4" duration-ms="114521" started-at="2016-07-20T09:15:22Z" finished-at="2016-07-20T09:17:16Z">
      <class name="com.hp.test.framework.runner.Runallthetests">
        <test-method status="PASS" signature="pres(org.testng.ITestContext)[pri:0, instance:com.hp.test.framework.runner.Runallthetests@3e77a1ed]" name="pres" is-config="true" duration-ms="120" started-at="2016-07-20T14:45:22Z" finished-at="2016-07-20T14:45:22Z">
          <params>
            <param index="0">
              <value>
                <![CDATA[org.testng.TestRunner@4b4dd216]]>
              </value>
            </param>
          </params>
          <reporter-output>
          </reporter-output>
        </test-method> <!-- pres -->
        <test-method status="PASS" signature="test(java.lang.String, java.lang.Object)[pri:0, instance:com.hp.test.framework.runner.Runallthetests@3e77a1ed]" name="test" duration-ms="114361" started-at="2016-07-20T14:45:22Z" data-provider="getjellyFiles" finished-at="2016-07-20T14:47:16Z">
          <params>
            <param index="0">
              <value>
                <![CDATA[E:\Automation\Jellenium\Gen_Jelly\JellyTests\delete\FrSarika\Test\011_collections.xml]]>
              </value>
            </param>
            <param index="1">
              <value>
                <![CDATA[Executing jelly script E:\Automation\Jellenium\Gen_Jelly\JellyTests\delete\FrSarika\Test\011_collections.xml]]>
              </value>
            </param>
          </params>
          <reporter-output>
            <line>
              <![CDATA[STEP1]]>
            </line>
            <line>
              <![CDATA[STEP2]]>
            </line>
          </reporter-output>
        </test-method> <!-- test -->
      </class> <!-- com.hp.test.framework.runner.Runallthetests -->
    </test> <!-- Command line test a8b89c8b-5225-496b-b6eb-e535e8c8ebb4 -->
  </suite> <!-- Test -->
</testng-results>
